<?xml version="1.0" encoding="UTF-8"?>
<testsuite name="com.withoutstreams.MethodsWithoutStreamsTest" tests="1" skipped="0" failures="0" errors="0" timestamp="2018-03-27T02:05:17" hostname="NAIN2704LP3444Z" time="0.004">
  <properties/>
  <testcase name="ShouldTakeTwoListsAndFlattenItOut" classname="com.withoutstreams.MethodsWithoutStreamsTest" time="0.004"/>
  <system-out><![CDATA[]]></system-out>
  <system-err><![CDATA[]]></system-err>
</testsuite>
